Start Point, End Point, WNS (ns)
u_ibex_core.id_stage_i.controller_i.instr_i,instr_addr_o[31],0.7892
u_ibex_core.id_stage_i.controller_i.instr_i,instr_addr_o[30],0.8941
u_ibex_core.id_stage_i.controller_i.instr_i,instr_addr_o[29],0.9098
u_ibex_core.id_stage_i.controller_i.instr_i,instr_addr_o[27],0.9176
u_ibex_core.id_stage_i.controller_i.instr_i,instr_addr_o[28],0.9781
u_ibex_core.id_stage_i.controller_i.instr_i,data_addr_o[31],0.9954
u_ibex_core.id_stage_i.controller_i.instr_i,instr_addr_o[26],1.0228
u_ibex_core.id_stage_i.controller_i.instr_i,instr_addr_o[25],1.0357
u_ibex_core.id_stage_i.controller_i.instr_i,data_addr_o[30],1.0396
u_ibex_core.id_stage_i.controller_i.instr_i,instr_addr_o[24],1.0916
u_ibex_core.id_stage_i.controller_i.instr_i,instr_addr_o[23],1.0927
u_ibex_core.id_stage_i.controller_i.instr_i,data_addr_o[27],1.095
u_ibex_core.id_stage_i.controller_i.instr_i,data_addr_o[28],1.0969
u_ibex_core.id_stage_i.controller_i.instr_i,data_addr_o[29],1.0985
u_ibex_core.id_stage_i.controller_i.instr_i,instr_addr_o[21],1.12
u_ibex_core.id_stage_i.controller_i.instr_i,data_addr_o[26],1.1472
u_ibex_core.id_stage_i.controller_i.instr_i,instr_addr_o[22],1.166
u_ibex_core.id_stage_i.controller_i.instr_i,instr_addr_o[19],1.1855
u_ibex_core.id_stage_i.controller_i.instr_i,data_addr_o[24],1.2159
u_ibex_core.id_stage_i.controller_i.instr_i,instr_addr_o[20],1.2161
u_ibex_core.id_stage_i.controller_i.instr_i,data_addr_o[25],1.2248
u_ibex_core.id_stage_i.controller_i.instr_i,instr_addr_o[17],1.2366
u_ibex_core.id_stage_i.controller_i.instr_i,data_addr_o[22],1.2876
u_ibex_core.id_stage_i.controller_i.instr_i,instr_addr_o[18],1.2883
u_ibex_core.id_stage_i.controller_i.instr_i,data_addr_o[23],1.2913
u_ibex_core.id_stage_i.controller_i.instr_i,data_addr_o[21],1.2964
u_ibex_core.id_stage_i.controller_i.instr_i,instr_addr_o[16],1.3075
u_ibex_core.id_stage_i.controller_i.instr_i,instr_addr_o[15],1.3124
u_ibex_core.id_stage_i.controller_i.instr_i,data_addr_o[20],1.3405
u_ibex_core.id_stage_i.controller_i.instr_i,data_addr_o[19],1.3622
u_ibex_core.id_stage_i.controller_i.instr_i,data_addr_o[18],1.4099
u_ibex_core.id_stage_i.controller_i.instr_i,instr_addr_o[14],1.4109
u_ibex_core.id_stage_i.controller_i.instr_i,instr_addr_o[12],1.4143
u_ibex_core.id_stage_i.controller_i.instr_i,data_addr_o[17],1.4248
u_ibex_core.id_stage_i.controller_i.instr_i,instr_addr_o[13],1.4423
u_ibex_core.id_stage_i.controller_i.instr_i,instr_addr_o[10],1.4835
u_ibex_core.id_stage_i.controller_i.instr_i,data_addr_o[15],1.4883
u_ibex_core.id_stage_i.controller_i.instr_i,instr_addr_o[11],1.5027
u_ibex_core.id_stage_i.controller_i.instr_i,data_addr_o[16],1.5092
u_ibex_core.id_stage_i.controller_i.instr_i,data_addr_o[14],1.5322
u_ibex_core.id_stage_i.controller_i.instr_i,instr_addr_o[8],1.5445
u_ibex_core.id_stage_i.controller_i.instr_i,instr_addr_o[9],1.5673
u_ibex_core.id_stage_i.controller_i.instr_i,data_addr_o[13],1.5683
u_ibex_core.id_stage_i.controller_i.instr_i,instr_addr_o[6],1.5807
u_ibex_core.id_stage_i.controller_i.instr_i,instr_addr_o[7],1.5979
u_ibex_core.id_stage_i.controller_i.instr_i,data_addr_o[12],1.6091
u_ibex_core.id_stage_i.controller_i.instr_i,data_addr_o[11],1.6284
u_ibex_core.id_stage_i.controller_i.instr_i,data_addr_o[10],1.6787
u_ibex_core.id_stage_i.controller_i.instr_i,data_addr_o[9],1.693
u_ibex_core.id_stage_i.controller_i.instr_i,instr_addr_o[5],1.6984
u_ibex_core.id_stage_i.controller_i.instr_i,instr_addr_o[4],1.7215
u_ibex_core.id_stage_i.controller_i.instr_i,data_addr_o[8],1.7439
u_ibex_core.id_stage_i.controller_i.instr_i,data_wdata_o[18],1.7445
u_ibex_core.id_stage_i.controller_i.instr_i,data_addr_o[6],1.7469
u_ibex_core.id_stage_i.controller_i.instr_i,data_wdata_o[26],1.7473
u_ibex_core.id_stage_i.controller_i.instr_i,data_wdata_o[8],1.7479
u_ibex_core.id_stage_i.controller_i.instr_i,data_be_o[2],1.7492
u_ibex_core.id_stage_i.controller_i.instr_i,data_be_o[1],1.7494
u_ibex_core.id_stage_i.controller_i.instr_i,instr_addr_o[3],1.7547
u_ibex_core.id_stage_i.controller_i.instr_i,data_addr_o[7],1.762
u_ibex_core.id_stage_i.controller_i.instr_i,data_wdata_o[2],1.765
u_ibex_core.id_stage_i.controller_i.instr_i,data_wdata_o[24],1.7719
u_ibex_core.id_stage_i.controller_i.instr_i,data_wdata_o[25],1.7719
u_ibex_core.id_stage_i.controller_i.instr_i,data_wdata_o[27],1.7719
u_ibex_core.id_stage_i.controller_i.instr_i,data_wdata_o[28],1.7719
u_ibex_core.id_stage_i.controller_i.instr_i,data_wdata_o[29],1.7719
u_ibex_core.id_stage_i.controller_i.instr_i,data_wdata_o[30],1.7719
u_ibex_core.id_stage_i.controller_i.instr_i,data_wdata_o[31],1.7719
u_ibex_core.id_stage_i.controller_i.instr_i,data_wdata_o[0],1.7726
u_ibex_core.id_stage_i.controller_i.instr_i,data_wdata_o[11],1.7726
u_ibex_core.id_stage_i.controller_i.instr_i,data_wdata_o[12],1.7726
u_ibex_core.id_stage_i.controller_i.instr_i,data_wdata_o[13],1.7726
u_ibex_core.id_stage_i.controller_i.instr_i,data_wdata_o[14],1.7726
u_ibex_core.id_stage_i.controller_i.instr_i,data_wdata_o[15],1.7726
u_ibex_core.id_stage_i.controller_i.instr_i,data_wdata_o[16],1.7726
u_ibex_core.id_stage_i.controller_i.instr_i,data_wdata_o[17],1.7726
u_ibex_core.id_stage_i.controller_i.instr_i,data_wdata_o[19],1.7726
u_ibex_core.id_stage_i.controller_i.instr_i,data_wdata_o[1],1.7726
u_ibex_core.id_stage_i.controller_i.instr_i,data_wdata_o[20],1.7726
u_ibex_core.id_stage_i.controller_i.instr_i,data_wdata_o[21],1.7726
u_ibex_core.id_stage_i.controller_i.instr_i,data_wdata_o[22],1.7726
u_ibex_core.id_stage_i.controller_i.instr_i,data_wdata_o[23],1.7726
u_ibex_core.id_stage_i.controller_i.instr_i,data_wdata_o[3],1.7726
u_ibex_core.id_stage_i.controller_i.instr_i,data_wdata_o[4],1.7726
u_ibex_core.id_stage_i.controller_i.instr_i,data_wdata_o[5],1.7726
u_ibex_core.id_stage_i.controller_i.instr_i,data_wdata_o[6],1.7726
u_ibex_core.id_stage_i.controller_i.instr_i,data_wdata_o[7],1.7726
u_ibex_core.id_stage_i.controller_i.instr_i,data_wdata_o[9],1.7726
u_ibex_core.id_stage_i.controller_i.instr_i,instr_addr_o[2],1.7869
u_ibex_core.id_stage_i.controller_i.instr_i,data_be_o[3],1.7976
u_ibex_core.id_stage_i.controller_i.instr_i,data_wdata_o[10],1.8008
u_ibex_core.id_stage_i.controller_i.instr_i,data_addr_o[5],1.8131
u_ibex_core.id_stage_i.controller_i.instr_i,data_be_o[0],1.8402
u_ibex_core.id_stage_i.controller_i.instr_i,data_addr_o[4],1.8449
genblk3.genblk1.gen_regfile_latch.register_file_i.raddr_b_i,instr_req_o,1.846
u_ibex_core.id_stage_i.controller_i.instr_i,data_addr_o[3],1.8731
u_ibex_core.id_stage_i.controller_i.instr_i,data_addr_o[2],1.9007
genblk3.genblk1.gen_regfile_latch.register_file_i.raddr_b_i,data_req_o,2.0328
genblk3.genblk1.gen_regfile_latch.register_file_i.raddr_b_i,data_we_o,2.1425
u_ibex_core.cs_registers_i.mie_q,core_sleep_o,2.6828
